<?xml version="1.0" encoding="UTF-8"?>
<robot generator="Robot 3.1.2 (Python 3.7.0 on win32)" generated="20190724 14:08:01.229" rpa="false">
<suite id="s1" name="matchSTRday2" source="C:\Users\CTEA\PycharmProjects\roboscripts\day3\matchSTRday2.robot">
<test id="s1-t1" name="Test regular expression">
<kw name="Validate Input String">
<arguments>
<arg>${MY_STR}</arg>
</arguments>
<kw name="Should Match Regexp" library="BuiltIn">
<doc>Fails if ``string`` does not match ``pattern`` as a regular expression.</doc>
<arguments>
<arg>${my_str}</arg>
<arg>"(a|c)*b((b(a|c)*b)*(a|c)*)*"</arg>
</arguments>
<status status="PASS" starttime="20190724 14:08:01.270" endtime="20190724 14:08:01.271"></status>
</kw>
<status status="PASS" starttime="20190724 14:08:01.270" endtime="20190724 14:08:01.272"></status>
</kw>
<status status="PASS" starttime="20190724 14:08:01.269" endtime="20190724 14:08:01.272" critical="yes"></status>
</test>
<status status="PASS" starttime="20190724 14:08:01.231" endtime="20190724 14:08:01.272"></status>
</suite>
<statistics>
<total>
<stat pass="1" fail="0">Critical Tests</stat>
<stat pass="1" fail="0">All Tests</stat>
</total>
<tag>
</tag>
<suite>
<stat pass="1" fail="0" id="s1" name="matchSTRday2">matchSTRday2</stat>
</suite>
</statistics>
<errors>
</errors>
</robot>
