<?xml version="1.0" encoding="UTF-8"?>
<robot generator="Robot 3.1.2 (Python 3.7.0 on win32)" generated="20190723 09:51:50.732" rpa="false">
<suite id="s1" name="Day2Demo1" source="C:\Users\CTEA\PycharmProjects\roboscripts\first\day2demo1.robot">
<test id="s1-t1" name="Test my first test case">
<kw name="Log" library="BuiltIn">
<doc>Logs the given message with the given level.</doc>
<arguments>
<arg>"Logging string in first test case"</arg>
</arguments>
<msg timestamp="20190723 09:51:50.773" level="INFO">"Logging string in first test case"</msg>
<status status="PASS" starttime="20190723 09:51:50.773" endtime="20190723 09:51:50.773"></status>
</kw>
<doc>"This is my first demo test case"</doc>
<status status="PASS" starttime="20190723 09:51:50.772" endtime="20190723 09:51:50.774" critical="no"></status>
</test>
<test id="s1-t2" name="Test my second test case">
<kw name="Log" library="BuiltIn">
<doc>Logs the given message with the given level.</doc>
<arguments>
<arg>"Logging string in first second case"</arg>
</arguments>
<msg timestamp="20190723 09:51:50.775" level="INFO">"Logging string in first second case"</msg>
<status status="PASS" starttime="20190723 09:51:50.775" endtime="20190723 09:51:50.775"></status>
</kw>
<doc>"Second test case"</doc>
<tags>
<tag>tag1</tag>
</tags>
<status status="PASS" starttime="20190723 09:51:50.774" endtime="20190723 09:51:50.775" critical="yes"></status>
</test>
<test id="s1-t3" name="Test my third test case">
<kw name="Log" library="BuiltIn">
<doc>Logs the given message with the given level.</doc>
<arguments>
<arg>"Logging string in third test case"</arg>
</arguments>
<msg timestamp="20190723 09:51:50.777" level="INFO">"Logging string in third test case"</msg>
<status status="PASS" starttime="20190723 09:51:50.777" endtime="20190723 09:51:50.777"></status>
</kw>
<doc>"third test case"</doc>
<tags>
<tag>tag2</tag>
</tags>
<status status="PASS" starttime="20190723 09:51:50.776" endtime="20190723 09:51:50.777" critical="yes"></status>
</test>
<doc>"This is my test suite documentation"</doc>
<status status="PASS" starttime="20190723 09:51:50.734" endtime="20190723 09:51:50.778"></status>
</suite>
<statistics>
<total>
<stat pass="2" fail="0">Critical Tests</stat>
<stat pass="3" fail="0">All Tests</stat>
</total>
<tag>
<stat pass="1" fail="0" info="critical">tag1</stat>
<stat pass="1" fail="0" info="critical">tag2</stat>
</tag>
<suite>
<stat pass="3" fail="0" id="s1" name="Day2Demo1">Day2Demo1</stat>
</suite>
</statistics>
<errors>
</errors>
</robot>
