<?xml version="1.0" encoding="UTF-8"?>
<robot generator="Robot 3.1.2 (Python 3.7.0 on win32)" generated="20190724 14:20:59.756" rpa="false">
<suite id="s1" name="testSetuptestTeardown" source="C:\Users\CTEA\PycharmProjects\roboscripts\basics\testSetuptestTeardown.robot">
<test id="s1-t1" name="Test Case 1">
<kw name="keyword1" type="setup">
<kw name="Log" library="BuiltIn">
<doc>Logs the given message with the given level.</doc>
<arguments>
<arg>In Keyword 1</arg>
</arguments>
<msg timestamp="20190724 14:20:59.798" level="INFO">In Keyword 1</msg>
<status status="PASS" starttime="20190724 14:20:59.797" endtime="20190724 14:20:59.798"></status>
</kw>
<status status="PASS" starttime="20190724 14:20:59.797" endtime="20190724 14:20:59.798"></status>
</kw>
<kw name="keyword1">
<kw name="Log" library="BuiltIn">
<doc>Logs the given message with the given level.</doc>
<arguments>
<arg>In Keyword 1</arg>
</arguments>
<msg timestamp="20190724 14:20:59.799" level="INFO">In Keyword 1</msg>
<status status="PASS" starttime="20190724 14:20:59.799" endtime="20190724 14:20:59.799"></status>
</kw>
<status status="PASS" starttime="20190724 14:20:59.798" endtime="20190724 14:20:59.799"></status>
</kw>
<kw name="keyword2" type="teardown">
<kw name="Log" library="BuiltIn">
<doc>Logs the given message with the given level.</doc>
<arguments>
<arg>In Keyword 2</arg>
</arguments>
<msg timestamp="20190724 14:20:59.800" level="INFO">In Keyword 2</msg>
<status status="PASS" starttime="20190724 14:20:59.800" endtime="20190724 14:20:59.800"></status>
</kw>
<status status="PASS" starttime="20190724 14:20:59.799" endtime="20190724 14:20:59.800"></status>
</kw>
<doc>test case 1</doc>
<status status="PASS" starttime="20190724 14:20:59.796" endtime="20190724 14:20:59.800" critical="yes"></status>
</test>
<test id="s1-t2" name="Test Case 2">
<kw name="keyword1" type="setup">
<kw name="Log" library="BuiltIn">
<doc>Logs the given message with the given level.</doc>
<arguments>
<arg>In Keyword 1</arg>
</arguments>
<msg timestamp="20190724 14:20:59.802" level="INFO">In Keyword 1</msg>
<status status="PASS" starttime="20190724 14:20:59.802" endtime="20190724 14:20:59.802"></status>
</kw>
<status status="PASS" starttime="20190724 14:20:59.801" endtime="20190724 14:20:59.802"></status>
</kw>
<kw name="keyword2">
<kw name="Log" library="BuiltIn">
<doc>Logs the given message with the given level.</doc>
<arguments>
<arg>In Keyword 2</arg>
</arguments>
<msg timestamp="20190724 14:20:59.803" level="INFO">In Keyword 2</msg>
<status status="PASS" starttime="20190724 14:20:59.803" endtime="20190724 14:20:59.803"></status>
</kw>
<status status="PASS" starttime="20190724 14:20:59.802" endtime="20190724 14:20:59.803"></status>
</kw>
<kw name="keyword2" type="teardown">
<kw name="Log" library="BuiltIn">
<doc>Logs the given message with the given level.</doc>
<arguments>
<arg>In Keyword 2</arg>
</arguments>
<msg timestamp="20190724 14:20:59.804" level="INFO">In Keyword 2</msg>
<status status="PASS" starttime="20190724 14:20:59.804" endtime="20190724 14:20:59.804"></status>
</kw>
<status status="PASS" starttime="20190724 14:20:59.803" endtime="20190724 14:20:59.804"></status>
</kw>
<doc>test case 2</doc>
<status status="PASS" starttime="20190724 14:20:59.801" endtime="20190724 14:20:59.804" critical="yes"></status>
</test>
<status status="PASS" starttime="20190724 14:20:59.758" endtime="20190724 14:20:59.805"></status>
</suite>
<statistics>
<total>
<stat pass="2" fail="0">Critical Tests</stat>
<stat pass="2" fail="0">All Tests</stat>
</total>
<tag>
</tag>
<suite>
<stat pass="2" fail="0" id="s1" name="testSetuptestTeardown">testSetuptestTeardown</stat>
</suite>
</statistics>
<errors>
</errors>
</robot>
